This is pdfTeX, Version 3.14159265-2.6-1.40.17 (TeX Live 2016/W32TeX) (preloaded format=pdflatex 2017.2.19)  28 APR 2017 14:04
entering extended mode
 restricted \write18 enabled.
 %&-line parsing enabled.
**./Abstract.tex
(./Abstract.tex
LaTeX2e <2017/01/01> patch level 1
Babel <3.9r> and hyphenation patterns for 83 language(s) loaded.
(c:/texlive/2016/texmf-dist/tex/latex/base/article.cls
Document Class: article 2014/09/29 v1.4h Standard LaTeX document class
(c:/texlive/2016/texmf-dist/tex/latex/base/size10.clo
File: size10.clo 2014/09/29 v1.4h Standard LaTeX file (size option)
)
\c@part=\count79
\c@section=\count80
\c@subsection=\count81
\c@subsubsection=\count82
\c@paragraph=\count83
\c@subparagraph=\count84
\c@figure=\count85
\c@table=\count86
\abovecaptionskip=\skip41
\belowcaptionskip=\skip42
\bibindent=\dimen102
) (./Abstract.aux)
\openout1 = `Abstract.aux'.

LaTeX Font Info:    Checking defaults for OML/cmm/m/it on input line 4.
LaTeX Font Info:    ... okay on input line 4.
LaTeX Font Info:    Checking defaults for T1/cmr/m/n on input line 4.
LaTeX Font Info:    ... okay on input line 4.
LaTeX Font Info:    Checking defaults for OT1/cmr/m/n on input line 4.
LaTeX Font Info:    ... okay on input line 4.
LaTeX Font Info:    Checking defaults for OMS/cmsy/m/n on input line 4.
LaTeX Font Info:    ... okay on input line 4.
LaTeX Font Info:    Checking defaults for OMX/cmex/m/n on input line 4.
LaTeX Font Info:    ... okay on input line 4.
LaTeX Font Info:    Checking defaults for U/cmr/m/n on input line 4.
LaTeX Font Info:    ... okay on input line 4.

[1

{c:/texlive/2016/texmf-var/fonts/map/pdftex/updmap/pdftex.map}]
Underfull \hbox (badness 10000) in paragraph at lines 22--23

 []

[2] (./Abstract.aux) ) 
Here is how much of TeX's memory you used:
 207 strings out of 493013
 2220 string characters out of 6136993
 55645 words of memory out of 5000000
 3834 multiletter control sequences out of 15000+600000
 4544 words of font info for 17 fonts, out of 8000000 for 9000
 1141 hyphenation exceptions out of 8191
 23i,4n,17p,825b,130s stack positions out of 5000i,500n,10000p,200000b,80000s
<c:/texlive/2016/texmf-dist/fonts/type1/public/amsfonts/c
m/cmbx12.pfb><c:/texlive/2016/texmf-dist/fonts/type1/public/amsfonts/cm/cmr10.p
fb><c:/texlive/2016/texmf-dist/fonts/type1/public/amsfonts/cm/cmr12.pfb><c:/tex
live/2016/texmf-dist/fonts/type1/public/amsfonts/cm/cmr17.pfb>
Output written on Abstract.pdf (2 pages, 54110 bytes).
PDF statistics:
 27 PDF objects out of 1000 (max. 8388607)
 18 compressed objects within 1 object stream
 0 named destinations out of 1000 (max. 500000)
 1 words of extra memory for PDF output out of 10000 (max. 10000000)

